2022-03-29T07:19:40+00:00 CRITICAL syntax error, unexpected 'else' (T_ELSE), expecting ';' or ',' in /Users/KingZach/Local Sites/tabletopcanada/app/public/wp-content/themes/tbtcan/template-parts/content-tbtcan_card_games.php on line 20

2022-03-29T07:19:41+00:00 CRITICAL syntax error, unexpected 'else' (T_ELSE), expecting ';' or ',' in /Users/KingZach/Local Sites/tabletopcanada/app/public/wp-content/themes/tbtcan/template-parts/content-tbtcan_card_games.php on line 20

2022-03-29T07:20:02+00:00 CRITICAL syntax error, unexpected 'else' (T_ELSE), expecting ';' or ',' in /Users/KingZach/Local Sites/tabletopcanada/app/public/wp-content/themes/tbtcan/template-parts/content-tbtcan_card_games.php on line 20

2022-03-29T07:21:23+00:00 CRITICAL syntax error, unexpected 'else' (T_ELSE), expecting ';' or ',' in /Users/KingZach/Local Sites/tabletopcanada/app/public/wp-content/themes/tbtcan/template-parts/content-tbtcan_card_games.php on line 20

2022-03-29T07:23:56+00:00 CRITICAL syntax error, unexpected end of file in /Users/KingZach/Local Sites/tabletopcanada/app/public/wp-content/themes/tbtcan/template-parts/content-tbtcan_card_games.php on line 82

2022-03-29T07:27:30+00:00 CRITICAL syntax error, unexpected end of file in /Users/KingZach/Local Sites/tabletopcanada/app/public/wp-content/themes/tbtcan/template-parts/content-tbtcan_card_games.php on line 74

2022-03-29T07:28:16+00:00 CRITICAL syntax error, unexpected '}', expecting ';' or ',' in /Users/KingZach/Local Sites/tabletopcanada/app/public/wp-content/themes/tbtcan/template-parts/content-tbtcan_card_games.php on line 22

2022-03-29T08:39:17+00:00 CRITICAL syntax error, unexpected end of file in /Users/KingZach/Local Sites/tabletopcanada/app/public/wp-content/themes/tbtcan/footer.php on line 88

2022-03-29T08:39:17+00:00 CRITICAL syntax error, unexpected end of file in /Users/KingZach/Local Sites/tabletopcanada/app/public/wp-content/themes/tbtcan/footer.php on line 88

2022-03-29T08:39:18+00:00 CRITICAL syntax error, unexpected end of file in /Users/KingZach/Local Sites/tabletopcanada/app/public/wp-content/themes/tbtcan/footer.php on line 88

2022-03-29T08:42:22+00:00 CRITICAL syntax error, unexpected end of file in /Users/KingZach/Local Sites/tabletopcanada/app/public/wp-content/themes/tbtcan/footer.php on line 91

2022-03-29T08:42:23+00:00 CRITICAL syntax error, unexpected end of file in /Users/KingZach/Local Sites/tabletopcanada/app/public/wp-content/themes/tbtcan/footer.php on line 91

2022-03-29T08:42:23+00:00 CRITICAL syntax error, unexpected end of file in /Users/KingZach/Local Sites/tabletopcanada/app/public/wp-content/themes/tbtcan/footer.php on line 91

2022-03-29T09:08:50+00:00 CRITICAL Uncaught Error: Call to undefined function the_post_link() in /Users/KingZach/Local Sites/tabletopcanada/app/public/wp-content/themes/tbtcan/footer.php:38
Stack trace:
#0 /Users/KingZach/Local Sites/tabletopcanada/app/public/wp-includes/template.php(770): require_once()
#1 /Users/KingZach/Local Sites/tabletopcanada/app/public/wp-includes/template.php(716): load_template('/Users/KingZach...', true, Array)
#2 /Users/KingZach/Local Sites/tabletopcanada/app/public/wp-includes/general-template.php(92): locate_template(Array, true, true, Array)
#3 /Users/KingZach/Local Sites/tabletopcanada/app/public/wp-content/themes/tbtcan/archive-tbtcan_card_games.php(54): get_footer()
#4 /Users/KingZach/Local Sites/tabletopcanada/app/public/wp-includes/template-loader.php(106): include('/Users/KingZach...')
#5 /Users/KingZach/Local Sites/tabletopcanada/app/public/wp-blog-header.php(19): require_once('/Users/KingZach...')
#6 /Users/KingZach/Local Sites/tabletopcanada/app/public/index.php(17): require('/Users/KingZach...')
#7 {ma in /Users/KingZach/Local Sites/tabletopcanada/app/public/wp-content/themes/tbtcan/footer.php on line 38

2022-03-29T09:08:51+00:00 CRITICAL Uncaught Error: Call to undefined function the_post_link() in /Users/KingZach/Local Sites/tabletopcanada/app/public/wp-content/themes/tbtcan/footer.php:38
Stack trace:
#0 /Users/KingZach/Local Sites/tabletopcanada/app/public/wp-includes/template.php(770): require_once()
#1 /Users/KingZach/Local Sites/tabletopcanada/app/public/wp-includes/template.php(716): load_template('/Users/KingZach...', true, Array)
#2 /Users/KingZach/Local Sites/tabletopcanada/app/public/wp-includes/general-template.php(92): locate_template(Array, true, true, Array)
#3 /Users/KingZach/Local Sites/tabletopcanada/app/public/wp-content/themes/tbtcan/404.php(60): get_footer()
#4 /Users/KingZach/Local Sites/tabletopcanada/app/public/wp-includes/template-loader.php(106): include('/Users/KingZach...')
#5 /Users/KingZach/Local Sites/tabletopcanada/app/public/wp-blog-header.php(19): require_once('/Users/KingZach...')
#6 /Users/KingZach/Local Sites/tabletopcanada/app/public/index.php(17): require('/Users/KingZach...')
#7 {main}
  thrown in /Users/KingZach/Local Sites/tabletopcanada/app/public/wp-content/themes/tbtcan/footer.php on line 38

2022-03-29T09:08:51+00:00 CRITICAL Uncaught Error: Call to undefined function the_post_link() in /Users/KingZach/Local Sites/tabletopcanada/app/public/wp-content/themes/tbtcan/footer.php:38
Stack trace:
#0 /Users/KingZach/Local Sites/tabletopcanada/app/public/wp-includes/template.php(770): require_once()
#1 /Users/KingZach/Local Sites/tabletopcanada/app/public/wp-includes/template.php(716): load_template('/Users/KingZach...', true, Array)
#2 /Users/KingZach/Local Sites/tabletopcanada/app/public/wp-includes/general-template.php(92): locate_template(Array, true, true, Array)
#3 /Users/KingZach/Local Sites/tabletopcanada/app/public/wp-content/themes/tbtcan/404.php(60): get_footer()
#4 /Users/KingZach/Local Sites/tabletopcanada/app/public/wp-includes/template-loader.php(106): include('/Users/KingZach...')
#5 /Users/KingZach/Local Sites/tabletopcanada/app/public/wp-blog-header.php(19): require_once('/Users/KingZach...')
#6 /Users/KingZach/Local Sites/tabletopcanada/app/public/index.php(17): require('/Users/KingZach...')
#7 {main}
  thrown in /Users/KingZach/Local Sites/tabletopcanada/app/public/wp-content/themes/tbtcan/footer.php on line 38

2022-03-29T09:08:54+00:00 CRITICAL Uncaught Error: Call to undefined function the_post_link() in /Users/KingZach/Local Sites/tabletopcanada/app/public/wp-content/themes/tbtcan/footer.php:38
Stack trace:
#0 /Users/KingZach/Local Sites/tabletopcanada/app/public/wp-includes/template.php(770): require_once()
#1 /Users/KingZach/Local Sites/tabletopcanada/app/public/wp-includes/template.php(716): load_template('/Users/KingZach...', true, Array)
#2 /Users/KingZach/Local Sites/tabletopcanada/app/public/wp-includes/general-template.php(92): locate_template(Array, true, true, Array)
#3 /Users/KingZach/Local Sites/tabletopcanada/app/public/wp-content/themes/tbtcan/page.php(38): get_footer()
#4 /Users/KingZach/Local Sites/tabletopcanada/app/public/wp-includes/template-loader.php(106): include('/Users/KingZach...')
#5 /Users/KingZach/Local Sites/tabletopcanada/app/public/wp-blog-header.php(19): require_once('/Users/KingZach...')
#6 /Users/KingZach/Local Sites/tabletopcanada/app/public/index.php(17): require('/Users/KingZach...')
#7 {main}
  thrown in /Users/KingZach/Local Sites/tabletopcanada/app/public/wp-content/themes/tbtcan/footer.php on line 38

2022-03-29T09:08:54+00:00 CRITICAL Uncaught Error: Call to undefined function the_post_link() in /Users/KingZach/Local Sites/tabletopcanada/app/public/wp-content/themes/tbtcan/footer.php:38
Stack trace:
#0 /Users/KingZach/Local Sites/tabletopcanada/app/public/wp-includes/template.php(770): require_once()
#1 /Users/KingZach/Local Sites/tabletopcanada/app/public/wp-includes/template.php(716): load_template('/Users/KingZach...', true, Array)
#2 /Users/KingZach/Local Sites/tabletopcanada/app/public/wp-includes/general-template.php(92): locate_template(Array, true, true, Array)
#3 /Users/KingZach/Local Sites/tabletopcanada/app/public/wp-content/themes/tbtcan/404.php(60): get_footer()
#4 /Users/KingZach/Local Sites/tabletopcanada/app/public/wp-includes/template-loader.php(106): include('/Users/KingZach...')
#5 /Users/KingZach/Local Sites/tabletopcanada/app/public/wp-blog-header.php(19): require_once('/Users/KingZach...')
#6 /Users/KingZach/Local Sites/tabletopcanada/app/public/index.php(17): require('/Users/KingZach...')
#7 {main}
  thrown in /Users/KingZach/Local Sites/tabletopcanada/app/public/wp-content/themes/tbtcan/footer.php on line 38

2022-03-29T09:08:54+00:00 CRITICAL Uncaught Error: Call to undefined function the_post_link() in /Users/KingZach/Local Sites/tabletopcanada/app/public/wp-content/themes/tbtcan/footer.php:38
Stack trace:
#0 /Users/KingZach/Local Sites/tabletopcanada/app/public/wp-includes/template.php(770): require_once()
#1 /Users/KingZach/Local Sites/tabletopcanada/app/public/wp-includes/template.php(716): load_template('/Users/KingZach...', true, Array)
#2 /Users/KingZach/Local Sites/tabletopcanada/app/public/wp-includes/general-template.php(92): locate_template(Array, true, true, Array)
#3 /Users/KingZach/Local Sites/tabletopcanada/app/public/wp-content/themes/tbtcan/404.php(60): get_footer()
#4 /Users/KingZach/Local Sites/tabletopcanada/app/public/wp-includes/template-loader.php(106): include('/Users/KingZach...')
#5 /Users/KingZach/Local Sites/tabletopcanada/app/public/wp-blog-header.php(19): require_once('/Users/KingZach...')
#6 /Users/KingZach/Local Sites/tabletopcanada/app/public/index.php(17): require('/Users/KingZach...')
#7 {main}
  thrown in /Users/KingZach/Local Sites/tabletopcanada/app/public/wp-content/themes/tbtcan/footer.php on line 38

2022-03-29T09:09:55+00:00 CRITICAL syntax error, unexpected ';', expecting ')' in /Users/KingZach/Local Sites/tabletopcanada/app/public/wp-content/themes/tbtcan/footer.php on line 39

2022-03-29T09:09:56+00:00 CRITICAL syntax error, unexpected ';', expecting ')' in /Users/KingZach/Local Sites/tabletopcanada/app/public/wp-content/themes/tbtcan/footer.php on line 39

2022-03-29T09:09:56+00:00 CRITICAL syntax error, unexpected ';', expecting ')' in /Users/KingZach/Local Sites/tabletopcanada/app/public/wp-content/themes/tbtcan/footer.php on line 39

2022-03-29T09:11:01+00:00 CRITICAL syntax error, unexpected 'the_excerpt' (T_STRING) in /Users/KingZach/Local Sites/tabletopcanada/app/public/wp-content/themes/tbtcan/footer.php on line 45

2022-03-29T09:11:02+00:00 CRITICAL syntax error, unexpected 'the_excerpt' (T_STRING) in /Users/KingZach/Local Sites/tabletopcanada/app/public/wp-content/themes/tbtcan/footer.php on line 45

2022-03-29T09:11:02+00:00 CRITICAL syntax error, unexpected 'the_excerpt' (T_STRING) in /Users/KingZach/Local Sites/tabletopcanada/app/public/wp-content/themes/tbtcan/footer.php on line 45

2022-03-29T09:13:58+00:00 CRITICAL syntax error, unexpected '' '' (T_CONSTANT_ENCAPSED_STRING), expecting ')' in /Users/KingZach/Local Sites/tabletopcanada/app/public/wp-content/themes/tbtcan/footer.php on line 43

2022-03-29T09:13:58+00:00 CRITICAL syntax error, unexpected '' '' (T_CONSTANT_ENCAPSED_STRING), expecting ')' in /Users/KingZach/Local Sites/tabletopcanada/app/public/wp-content/themes/tbtcan/footer.php on line 43

2022-03-29T09:13:58+00:00 CRITICAL syntax error, unexpected '' '' (T_CONSTANT_ENCAPSED_STRING), expecting ')' in /Users/KingZach/Local Sites/tabletopcanada/app/public/wp-content/themes/tbtcan/footer.php on line 43

