2022-02-14T07:30:11+00:00 CRITICAL syntax error, unexpected end of file in /Users/KingZach/Local Sites/tabletopcanada/app/public/wp-content/themes/tbtcan/inc/woocommerce.php on line 8

2022-02-14T07:31:57+00:00 CRITICAL syntax error, unexpected ''tbtcan_use_block_editor_for_p' (T_CONSTANT_ENCAPSED_STRING), expecting '(' in /Users/KingZach/Local Sites/tabletopcanada/app/public/wp-content/themes/tbtcan/inc/woocommerce.php on line 7

2022-02-14T07:31:57+00:00 CRITICAL syntax error, unexpected ''tbtcan_use_block_editor_for_p' (T_CONSTANT_ENCAPSED_STRING), expecting '(' in /Users/KingZach/Local Sites/tabletopcanada/app/public/wp-content/themes/tbtcan/inc/woocommerce.php on line 7

2022-02-14T07:32:12+00:00 CRITICAL syntax error, unexpected ''tbtcan_use_block_editor_for_p' (T_CONSTANT_ENCAPSED_STRING), expecting '(' in /Users/KingZach/Local Sites/tabletopcanada/app/public/wp-content/themes/tbtcan/inc/woocommerce.php on line 7

2022-02-14T07:33:09+00:00 CRITICAL syntax error, unexpected ''tbtcan_use_block_editor_for_p' (T_CONSTANT_ENCAPSED_STRING), expecting '(' in /Users/KingZach/Local Sites/tabletopcanada/app/public/wp-content/themes/tbtcan/inc/woocommerce.php on line 7

2022-02-14T07:33:09+00:00 CRITICAL syntax error, unexpected ''tbtcan_use_block_editor_for_p' (T_CONSTANT_ENCAPSED_STRING), expecting '(' in /Users/KingZach/Local Sites/tabletopcanada/app/public/wp-content/themes/tbtcan/inc/woocommerce.php on line 7

2022-02-14T07:33:13+00:00 CRITICAL syntax error, unexpected ''tbtcan_use_block_editor_for_p' (T_CONSTANT_ENCAPSED_STRING), expecting '(' in /Users/KingZach/Local Sites/tabletopcanada/app/public/wp-content/themes/tbtcan/inc/woocommerce.php on line 7

2022-02-14T07:33:13+00:00 CRITICAL syntax error, unexpected ''tbtcan_use_block_editor_for_p' (T_CONSTANT_ENCAPSED_STRING), expecting '(' in /Users/KingZach/Local Sites/tabletopcanada/app/public/wp-content/themes/tbtcan/inc/woocommerce.php on line 7

2022-02-14T07:34:05+00:00 CRITICAL syntax error, unexpected ''tbtcan_use_block_editor_for_p' (T_CONSTANT_ENCAPSED_STRING), expecting '(' in /Users/KingZach/Local Sites/tabletopcanada/app/public/wp-content/themes/tbtcan/inc/woocommerce.php on line 7

2022-02-14T07:34:07+00:00 CRITICAL syntax error, unexpected ''tbtcan_use_block_editor_for_p' (T_CONSTANT_ENCAPSED_STRING), expecting '(' in /Users/KingZach/Local Sites/tabletopcanada/app/public/wp-content/themes/tbtcan/inc/woocommerce.php on line 7

2022-02-14T07:34:08+00:00 CRITICAL syntax error, unexpected ''tbtcan_use_block_editor_for_p' (T_CONSTANT_ENCAPSED_STRING), expecting '(' in /Users/KingZach/Local Sites/tabletopcanada/app/public/wp-content/themes/tbtcan/inc/woocommerce.php on line 7

2022-02-14T07:34:08+00:00 CRITICAL syntax error, unexpected ''tbtcan_use_block_editor_for_p' (T_CONSTANT_ENCAPSED_STRING), expecting '(' in /Users/KingZach/Local Sites/tabletopcanada/app/public/wp-content/themes/tbtcan/inc/woocommerce.php on line 7

2022-02-14T07:34:09+00:00 CRITICAL syntax error, unexpected ''tbtcan_use_block_editor_for_p' (T_CONSTANT_ENCAPSED_STRING), expecting '(' in /Users/KingZach/Local Sites/tabletopcanada/app/public/wp-content/themes/tbtcan/inc/woocommerce.php on line 7

2022-02-14T07:34:10+00:00 CRITICAL syntax error, unexpected ''tbtcan_use_block_editor_for_p' (T_CONSTANT_ENCAPSED_STRING), expecting '(' in /Users/KingZach/Local Sites/tabletopcanada/app/public/wp-content/themes/tbtcan/inc/woocommerce.php on line 7

2022-02-14T07:34:14+00:00 CRITICAL syntax error, unexpected ''tbtcan_use_block_editor_for_p' (T_CONSTANT_ENCAPSED_STRING), expecting '(' in /Users/KingZach/Local Sites/tabletopcanada/app/public/wp-content/themes/tbtcan/inc/woocommerce.php on line 7

2022-02-14T07:34:14+00:00 CRITICAL syntax error, unexpected ''tbtcan_use_block_editor_for_p' (T_CONSTANT_ENCAPSED_STRING), expecting '(' in /Users/KingZach/Local Sites/tabletopcanada/app/public/wp-content/themes/tbtcan/inc/woocommerce.php on line 7

2022-02-14T07:34:18+00:00 CRITICAL syntax error, unexpected ''tbtcan_use_block_editor_for_p' (T_CONSTANT_ENCAPSED_STRING), expecting '(' in /Users/KingZach/Local Sites/tabletopcanada/app/public/wp-content/themes/tbtcan/inc/woocommerce.php on line 7

2022-02-14T07:34:19+00:00 CRITICAL syntax error, unexpected ''tbtcan_use_block_editor_for_p' (T_CONSTANT_ENCAPSED_STRING), expecting '(' in /Users/KingZach/Local Sites/tabletopcanada/app/public/wp-content/themes/tbtcan/inc/woocommerce.php on line 7

2022-02-14T07:34:19+00:00 CRITICAL syntax error, unexpected ''tbtcan_use_block_editor_for_p' (T_CONSTANT_ENCAPSED_STRING), expecting '(' in /Users/KingZach/Local Sites/tabletopcanada/app/public/wp-content/themes/tbtcan/inc/woocommerce.php on line 7

2022-02-14T07:34:29+00:00 CRITICAL syntax error, unexpected ''tbtcan_use_block_editor_for_p' (T_CONSTANT_ENCAPSED_STRING), expecting '(' in /Users/KingZach/Local Sites/tabletopcanada/app/public/wp-content/themes/tbtcan/inc/woocommerce.php on line 7

2022-02-14T07:34:30+00:00 CRITICAL syntax error, unexpected ''tbtcan_use_block_editor_for_p' (T_CONSTANT_ENCAPSED_STRING), expecting '(' in /Users/KingZach/Local Sites/tabletopcanada/app/public/wp-content/themes/tbtcan/inc/woocommerce.php on line 7

2022-02-14T07:34:34+00:00 CRITICAL syntax error, unexpected ''tbtcan_use_block_editor_for_p' (T_CONSTANT_ENCAPSED_STRING), expecting '(' in /Users/KingZach/Local Sites/tabletopcanada/app/public/wp-content/themes/tbtcan/inc/woocommerce.php on line 7

2022-02-14T07:34:34+00:00 CRITICAL syntax error, unexpected ''tbtcan_use_block_editor_for_p' (T_CONSTANT_ENCAPSED_STRING), expecting '(' in /Users/KingZach/Local Sites/tabletopcanada/app/public/wp-content/themes/tbtcan/inc/woocommerce.php on line 7

2022-02-14T07:34:39+00:00 CRITICAL syntax error, unexpected ''tbtcan_use_block_editor_for_p' (T_CONSTANT_ENCAPSED_STRING), expecting '(' in /Users/KingZach/Local Sites/tabletopcanada/app/public/wp-content/themes/tbtcan/inc/woocommerce.php on line 7

2022-02-14T07:34:40+00:00 CRITICAL syntax error, unexpected ''tbtcan_use_block_editor_for_p' (T_CONSTANT_ENCAPSED_STRING), expecting '(' in /Users/KingZach/Local Sites/tabletopcanada/app/public/wp-content/themes/tbtcan/inc/woocommerce.php on line 7

2022-02-14T07:34:40+00:00 CRITICAL syntax error, unexpected ''tbtcan_use_block_editor_for_p' (T_CONSTANT_ENCAPSED_STRING), expecting '(' in /Users/KingZach/Local Sites/tabletopcanada/app/public/wp-content/themes/tbtcan/inc/woocommerce.php on line 7

2022-02-14T07:34:40+00:00 CRITICAL syntax error, unexpected ''tbtcan_use_block_editor_for_p' (T_CONSTANT_ENCAPSED_STRING), expecting '(' in /Users/KingZach/Local Sites/tabletopcanada/app/public/wp-content/themes/tbtcan/inc/woocommerce.php on line 7

2022-02-14T07:35:20+00:00 CRITICAL syntax error, unexpected ''tbtcan_use_block_editor_for_p' (T_CONSTANT_ENCAPSED_STRING), expecting '(' in /Users/KingZach/Local Sites/tabletopcanada/app/public/wp-content/themes/tbtcan/inc/woocommerce.php on line 7

2022-02-14T07:35:20+00:00 CRITICAL syntax error, unexpected ''tbtcan_use_block_editor_for_p' (T_CONSTANT_ENCAPSED_STRING), expecting '(' in /Users/KingZach/Local Sites/tabletopcanada/app/public/wp-content/themes/tbtcan/inc/woocommerce.php on line 7

2022-02-14T08:02:28+00:00 CRITICAL syntax error, unexpected 'true' (T_STRING), expecting ')' in /Users/KingZach/Local Sites/tabletopcanada/app/public/wp-content/themes/tbtcan/functions.php on line 163

2022-02-14T08:02:29+00:00 CRITICAL syntax error, unexpected 'true' (T_STRING), expecting ')' in /Users/KingZach/Local Sites/tabletopcanada/app/public/wp-content/themes/tbtcan/functions.php on line 163

2022-02-14T08:02:31+00:00 CRITICAL syntax error, unexpected 'true' (T_STRING), expecting ')' in /Users/KingZach/Local Sites/tabletopcanada/app/public/wp-content/themes/tbtcan/functions.php on line 163

2022-02-14T08:02:32+00:00 CRITICAL syntax error, unexpected 'true' (T_STRING), expecting ')' in /Users/KingZach/Local Sites/tabletopcanada/app/public/wp-content/themes/tbtcan/functions.php on line 163

2022-02-14T08:02:34+00:00 CRITICAL syntax error, unexpected 'true' (T_STRING), expecting ')' in /Users/KingZach/Local Sites/tabletopcanada/app/public/wp-content/themes/tbtcan/functions.php on line 163

2022-02-14T08:02:34+00:00 CRITICAL syntax error, unexpected 'true' (T_STRING), expecting ')' in /Users/KingZach/Local Sites/tabletopcanada/app/public/wp-content/themes/tbtcan/functions.php on line 163

2022-02-14T08:02:37+00:00 CRITICAL syntax error, unexpected 'true' (T_STRING), expecting ')' in /Users/KingZach/Local Sites/tabletopcanada/app/public/wp-content/themes/tbtcan/functions.php on line 163

2022-02-14T08:02:37+00:00 CRITICAL syntax error, unexpected 'true' (T_STRING), expecting ')' in /Users/KingZach/Local Sites/tabletopcanada/app/public/wp-content/themes/tbtcan/functions.php on line 163

2022-02-14T11:11:52+00:00 CRITICAL Uncaught Error: Function name must be a string in /Users/KingZach/Local Sites/tabletopcanada/app/public/wp-content/themes/tbtcan/footer.php:24
Stack trace:
#0 /Users/KingZach/Local Sites/tabletopcanada/app/public/wp-includes/template.php(770): require_once()
#1 /Users/KingZach/Local Sites/tabletopcanada/app/public/wp-includes/template.php(716): load_template('/Users/KingZach...', true, Array)
#2 /Users/KingZach/Local Sites/tabletopcanada/app/public/wp-includes/general-template.php(92): locate_template(Array, true, true, Array)
#3 /Users/KingZach/Local Sites/tabletopcanada/app/public/wp-content/themes/tbtcan/page.php(38): get_footer()
#4 /Users/KingZach/Local Sites/tabletopcanada/app/public/wp-includes/template-loader.php(106): include('/Users/KingZach...')
#5 /Users/KingZach/Local Sites/tabletopcanada/app/public/wp-blog-header.php(19): require_once('/Users/KingZach...')
#6 /Users/KingZach/Local Sites/tabletopcanada/app/public/index.php(17): require('/Users/KingZach...')
#7 {main}
  thrown in /Users/KingZach/Local Sites/tabletopcanada/app/public/wp-content/themes/tbtcan/footer.php on line 24

2022-02-14T11:11:52+00:00 CRITICAL Uncaught Error: Function name must be a string in /Users/KingZach/Local Sites/tabletopcanada/app/public/wp-content/themes/tbtcan/footer.php:24
Stack trace:
#0 /Users/KingZach/Local Sites/tabletopcanada/app/public/wp-includes/template.php(770): require_once()
#1 /Users/KingZach/Local Sites/tabletopcanada/app/public/wp-includes/template.php(716): load_template('/Users/KingZach...', true, Array)
#2 /Users/KingZach/Local Sites/tabletopcanada/app/public/wp-includes/general-template.php(92): locate_template(Array, true, true, Array)
#3 /Users/KingZach/Local Sites/tabletopcanada/app/public/wp-content/themes/tbtcan/404.php(60): get_footer()
#4 /Users/KingZach/Local Sites/tabletopcanada/app/public/wp-includes/template-loader.php(106): include('/Users/KingZach...')
#5 /Users/KingZach/Local Sites/tabletopcanada/app/public/wp-blog-header.php(19): require_once('/Users/KingZach...')
#6 /Users/KingZach/Local Sites/tabletopcanada/app/public/index.php(17): require('/Users/KingZach...')
#7 {main}
  thrown in /Users/KingZach/Local Sites/tabletopcanada/app/public/wp-content/themes/tbtcan/footer.php on line 24

2022-02-14T11:11:52+00:00 CRITICAL Uncaught Error: Function name must be a string in /Users/KingZach/Local Sites/tabletopcanada/app/public/wp-content/themes/tbtcan/footer.php:24
Stack trace:
#0 /Users/KingZach/Local Sites/tabletopcanada/app/public/wp-includes/template.php(770): require_once()
#1 /Users/KingZach/Local Sites/tabletopcanada/app/public/wp-includes/template.php(716): load_template('/Users/KingZach...', true, Array)
#2 /Users/KingZach/Local Sites/tabletopcanada/app/public/wp-includes/general-template.php(92): locate_template(Array, true, true, Array)
#3 /Users/KingZach/Local Sites/tabletopcanada/app/public/wp-content/themes/tbtcan/404.php(60): get_footer()
#4 /Users/KingZach/Local Sites/tabletopcanada/app/public/wp-includes/template-loader.php(106): include('/Users/KingZach...')
#5 /Users/KingZach/Local Sites/tabletopcanada/app/public/wp-blog-header.php(19): require_once('/Users/KingZach...')
#6 /Users/KingZach/Local Sites/tabletopcanada/app/public/index.php(17): require('/Users/KingZach...')
#7 {main}
  thrown in /Users/KingZach/Local Sites/tabletopcanada/app/public/wp-content/themes/tbtcan/footer.php on line 24

2022-02-14T11:51:06+00:00 CRITICAL Uncaught ArgumentCountError: Too few arguments to function add_action(), 1 passed in /Users/KingZach/Local Sites/tabletopcanada/app/public/wp-content/themes/tbtcan/inc/woocommerce.php on line 18 and at least 2 expected in /Users/KingZach/Local Sites/tabletopcanada/app/public/wp-includes/plugin.php:398
Stack trace:
#0 /Users/KingZach/Local Sites/tabletopcanada/app/public/wp-content/themes/tbtcan/inc/woocommerce.php(18): add_action('woocommerce_aft...')
#1 /Users/KingZach/Local Sites/tabletopcanada/app/public/wp-content/themes/tbtcan/functions.php(196): require('/Users/KingZach...')
#2 /Users/KingZach/Local Sites/tabletopcanada/app/public/wp-settings.php(555): include('/Users/KingZach...')
#3 /Users/KingZach/Local Sites/tabletopcanada/app/public/wp-config.php(77): require_once('/Users/KingZach...')
#4 /Users/KingZach/Local Sites/tabletopcanada/app/public/wp-load.php(50): require_once('/Users/KingZach...')
#5 /Users/KingZach/Local Sites/tabletopcanada/app/public/wp-blog-header.php(13): require_once('/Users/KingZ in /Users/KingZach/Local Sites/tabletopcanada/app/public/wp-includes/plugin.php on line 398

2022-02-14T11:51:06+00:00 CRITICAL Uncaught ArgumentCountError: Too few arguments to function add_action(), 1 passed in /Users/KingZach/Local Sites/tabletopcanada/app/public/wp-content/themes/tbtcan/inc/woocommerce.php on line 18 and at least 2 expected in /Users/KingZach/Local Sites/tabletopcanada/app/public/wp-includes/plugin.php:398
Stack trace:
#0 /Users/KingZach/Local Sites/tabletopcanada/app/public/wp-content/themes/tbtcan/inc/woocommerce.php(18): add_action('woocommerce_aft...')
#1 /Users/KingZach/Local Sites/tabletopcanada/app/public/wp-content/themes/tbtcan/functions.php(196): require('/Users/KingZach...')
#2 /Users/KingZach/Local Sites/tabletopcanada/app/public/wp-settings.php(555): include('/Users/KingZach...')
#3 /Users/KingZach/Local Sites/tabletopcanada/app/public/wp-config.php(77): require_once('/Users/KingZach...')
#4 /Users/KingZach/Local Sites/tabletopcanada/app/public/wp-load.php(50): require_once('/Users/KingZach...')
#5 /Users/KingZach/Local Sites/tabletopcanada/app/public/wp-blog-header.php(13): require_once('/Users/KingZ in /Users/KingZach/Local Sites/tabletopcanada/app/public/wp-includes/plugin.php on line 398

